2022-08-04 11:57:06.876  INFO 10436 --- [main] c.p.springweb.ProductrestapiApplication  : Starting ProductrestapiApplication using Java 18.0.2 on INGUR1N1241 with PID 10436 (C:\Users\yadavviv\Projects\SpringProjects\productrestapi\target\classes started by yadavviv in C:\Users\yadavviv\Projects\SpringProjects\productrestapi)
2022-08-04 11:57:06.879  INFO 10436 --- [main] c.p.springweb.ProductrestapiApplication  : No active profile set, falling back to 1 default profile: "default"
2022-08-04 11:57:07.542  INFO 10436 --- [main] .s.d.r.c.RepositoryConfigurationDelegate : Bootstrapping Spring Data JPA repositories in DEFAULT mode.
2022-08-04 11:57:07.587  INFO 10436 --- [main] .s.d.r.c.RepositoryConfigurationDelegate : Finished Spring Data repository scanning in 38 ms. Found 1 JPA repository interfaces.
2022-08-04 11:57:08.048  INFO 10436 --- [main] o.s.b.w.embedded.tomcat.TomcatWebServer  : Tomcat initialized with port(s): 8080 (http)
2022-08-04 11:57:08.057  INFO 10436 --- [main] o.apache.catalina.core.StandardService   : Starting service [Tomcat]
2022-08-04 11:57:08.057  INFO 10436 --- [main] org.apache.catalina.core.StandardEngine  : Starting Servlet engine: [Apache Tomcat/9.0.65]
2022-08-04 11:57:08.165  INFO 10436 --- [main] o.a.c.c.C.[.[localhost].[/productapi]    : Initializing Spring embedded WebApplicationContext
2022-08-04 11:57:08.166  INFO 10436 --- [main] w.s.c.ServletWebServerApplicationContext : Root WebApplicationContext: initialization completed in 1240 ms
2022-08-04 11:57:08.373  INFO 10436 --- [main] com.zaxxer.hikari.HikariDataSource       : HikariPool-1 - Starting...
2022-08-04 11:57:08.621  INFO 10436 --- [main] com.zaxxer.hikari.HikariDataSource       : HikariPool-1 - Start completed.
2022-08-04 11:57:08.656  INFO 10436 --- [main] o.hibernate.jpa.internal.util.LogHelper  : HHH000204: Processing PersistenceUnitInfo [name: default]
2022-08-04 11:57:08.706  INFO 10436 --- [main] org.hibernate.Version                    : HHH000412: Hibernate ORM core version 5.6.10.Final
2022-08-04 11:57:08.854  INFO 10436 --- [main] o.hibernate.annotations.common.Version   : HCANN000001: Hibernate Commons Annotations {5.1.2.Final}
2022-08-04 11:57:08.942  INFO 10436 --- [main] org.hibernate.dialect.Dialect            : HHH000400: Using dialect: org.hibernate.dialect.MySQL8Dialect
2022-08-04 11:57:09.311  INFO 10436 --- [main] o.h.e.t.j.p.i.JtaPlatformInitiator       : HHH000490: Using JtaPlatform implementation: [org.hibernate.engine.transaction.jta.platform.internal.NoJtaPlatform]
2022-08-04 11:57:09.318  INFO 10436 --- [main] j.LocalContainerEntityManagerFactoryBean : Initialized JPA EntityManagerFactory for persistence unit 'default'
2022-08-04 11:57:09.531  WARN 10436 --- [main] JpaBaseConfiguration$JpaWebConfiguration : spring.jpa.open-in-view is enabled by default. Therefore, database queries may be performed during view rendering. Explicitly configure spring.jpa.open-in-view to disable this warning
2022-08-04 11:57:09.923  INFO 10436 --- [main] o.s.b.a.e.web.EndpointLinksResolver      : Exposing 1 endpoint(s) beneath base path '/actuator'
2022-08-04 11:57:09.971  INFO 10436 --- [main] o.s.b.w.embedded.tomcat.TomcatWebServer  : Tomcat started on port(s): 8080 (http) with context path '/productapi'
2022-08-04 11:57:09.984  INFO 10436 --- [main] c.p.springweb.ProductrestapiApplication  : Started ProductrestapiApplication in 3.45 seconds (JVM running for 3.914)
2022-08-04 11:57:10.183  INFO 10436 --- [RMI TCP Connection(3)-127.0.0.1] o.a.c.c.C.[.[localhost].[/productapi]    : Initializing Spring DispatcherServlet 'dispatcherServlet'
2022-08-04 11:57:10.183  INFO 10436 --- [RMI TCP Connection(3)-127.0.0.1] o.s.web.servlet.DispatcherServlet        : Initializing Servlet 'dispatcherServlet'
2022-08-04 11:57:10.184  INFO 10436 --- [RMI TCP Connection(3)-127.0.0.1] o.s.web.servlet.DispatcherServlet        : Completed initialization in 1 ms
